<?xml version="1.0" encoding="UTF-8"?>
<!-- Generated by org.testng.reporters.JUnitReportReporter -->
<testsuite hostname="DESKTOP-7E73ERP" failures="0" tests="1" name="tests.LoginTest" time="6.441" errors="0" timestamp="2024-09-08T23:28:03 EEST" skipped="0">
  <testcase classname="tests.LoginTest" name="testValidLogin" time="6.441"/>
</testsuite> <!-- tests.LoginTest -->
