<?xml version="1.0" encoding="UTF-8"?>
<!-- Generated by org.testng.reporters.JUnitReportReporter -->
<testsuite hostname="DESKTOP-7E73ERP" failures="0" tests="1" name="tests.Asssstest" time="2.776" errors="0" timestamp="2024-09-03T20:08:01 EEST" skipped="0">
  <testcase classname="tests.Asssstest" name="f" time="2.776"/>
</testsuite> <!-- tests.Asssstest -->
