<?xml version="1.0" encoding="UTF-8"?>
<!-- Generated by org.testng.reporters.JUnitReportReporter -->
<testsuite hostname="DESKTOP-7E73ERP" failures="0" tests="1" name="tests.CartTest" time="72.035" errors="0" timestamp="2024-09-11T07:16:41 EEST" skipped="0">
  <testcase classname="tests.CartTest" name="testAccesstoCartPage" time="72.035"/>
</testsuite> <!-- tests.CartTest -->
