<?xml version="1.0" encoding="UTF-8"?>
<!-- Generated by org.testng.reporters.JUnitReportReporter -->
<testsuite hostname="DESKTOP-7E73ERP" failures="0" tests="1" name="tests.LoginTest" time="5.374" errors="0" timestamp="2024-09-21T22:05:54 EEST" skipped="0">
  <testcase classname="tests.LoginTest" name="testValidLogin" time="5.374"/>
</testsuite> <!-- tests.LoginTest -->
