<?xml version="1.0" encoding="UTF-8"?>
<!-- Generated by org.testng.reporters.JUnitReportReporter -->
<testsuite hostname="DESKTOP-7E73ERP" failures="0" tests="3" name="tests.CartTest" time="81.775" errors="0" timestamp="2024-09-22T11:11:25 EEST" skipped="0">
  <testcase classname="tests.CartTest" name="testAccesstoCartPage" time="75.201"/>
  <testcase classname="tests.CartTest" name="testVerifyItems" time="1.124"/>
  <testcase classname="tests.CartTest" name="testAccessToCheckout" time="5.450"/>
</testsuite> <!-- tests.CartTest -->
