<?xml version="1.0" encoding="UTF-8"?>
<!-- Generated by org.testng.reporters.JUnitReportReporter -->
<testsuite hostname="DESKTOP-7E73ERP" failures="0" tests="1" name="tests.LoginTest" time="28.974" errors="0" timestamp="2024-09-21T18:03:42 EEST" skipped="0">
  <testcase classname="tests.LoginTest" name="testValidLogin" time="28.974"/>
</testsuite> <!-- tests.LoginTest -->
