<?xml version="1.0" encoding="UTF-8"?>
<!-- Generated by org.testng.reporters.JUnitReportReporter -->
<testsuite hostname="DESKTOP-7E73ERP" failures="0" tests="3" name="tests.CartTest" time="50.774" errors="0" timestamp="2024-09-21T18:03:42 EEST" skipped="0">
  <testcase classname="tests.CartTest" name="testAccesstoCartPage" time="43.558"/>
  <testcase classname="tests.CartTest" name="testVerifyItems" time="2.134"/>
  <testcase classname="tests.CartTest" name="testAccessToCheckout" time="5.082"/>
</testsuite> <!-- tests.CartTest -->
